0 verbose cli C:\Program Files\nodejs\node.exe C:\Users\HP\AppData\Roaming\npm\node_modules\npm\bin\npm-cli.js
1 info using npm@11.7.0
2 info using node@v24.12.0
3 silly config load:file:C:\Users\HP\AppData\Roaming\npm\node_modules\npm\npmrc
4 silly config load:file:C:\serene-bali-villas\.npmrc
5 silly config load:file:C:\Users\HP\.npmrc
6 silly config load:file:C:\Users\HP\AppData\Roaming\npm\etc\npmrc
7 verbose title npm audit
8 verbose argv "audit" "--omit" "dev" "--cache" ".\\.npm-cache" "--loglevel" "error"
9 verbose logfile logs-max:10 dir:C:\serene-bali-villas\.npm-cache\_logs\2026-06-29T18_51_06_210Z-
10 verbose logfile C:\serene-bali-villas\.npm-cache\_logs\2026-06-29T18_51_06_210Z-debug-0.log
11 silly logfile done cleaning log files
12 silly packumentCache heap:2348810240 maxSize:587202560 maxEntrySize:293601280
13 silly audit bulk request {
13 silly audit   '@auth/core': [ '0.41.2' ],
13 silly audit   '@auth/prisma-adapter': [ '2.11.2' ],
13 silly audit   '@emnapi/runtime': [ '1.11.1' ],
13 silly audit   '@img/colour': [ '1.1.0' ],
13 silly audit   '@img/sharp-darwin-arm64': [ '0.34.5' ],
13 silly audit   '@img/sharp-darwin-x64': [ '0.34.5' ],
13 silly audit   '@img/sharp-libvips-darwin-arm64': [ '1.2.4' ],
13 silly audit   '@img/sharp-libvips-darwin-x64': [ '1.2.4' ],
13 silly audit   '@img/sharp-libvips-linux-arm': [ '1.2.4' ],
13 silly audit   '@img/sharp-libvips-linux-arm64': [ '1.2.4' ],
13 silly audit   '@img/sharp-libvips-linux-ppc64': [ '1.2.4' ],
13 silly audit   '@img/sharp-libvips-linux-riscv64': [ '1.2.4' ],
13 silly audit   '@img/sharp-libvips-linux-s390x': [ '1.2.4' ],
13 silly audit   '@img/sharp-libvips-linux-x64': [ '1.2.4' ],
13 silly audit   '@img/sharp-libvips-linuxmusl-arm64': [ '1.2.4' ],
13 silly audit   '@img/sharp-libvips-linuxmusl-x64': [ '1.2.4' ],
13 silly audit   '@img/sharp-linux-arm': [ '0.34.5' ],
13 silly audit   '@img/sharp-linux-arm64': [ '0.34.5' ],
13 silly audit   '@img/sharp-linux-ppc64': [ '0.34.5' ],
13 silly audit   '@img/sharp-linux-riscv64': [ '0.34.5' ],
13 silly audit   '@img/sharp-linux-s390x': [ '0.34.5' ],
13 silly audit   '@img/sharp-linux-x64': [ '0.34.5' ],
13 silly audit   '@img/sharp-linuxmusl-arm64': [ '0.34.5' ],
13 silly audit   '@img/sharp-linuxmusl-x64': [ '0.34.5' ],
13 silly audit   '@img/sharp-wasm32': [ '0.34.5' ],
13 silly audit   '@img/sharp-win32-arm64': [ '0.34.5' ],
13 silly audit   '@img/sharp-win32-ia32': [ '0.34.5' ],
13 silly audit   '@img/sharp-win32-x64': [ '0.34.5' ],
13 silly audit   '@next/env': [ '15.5.19' ],
13 silly audit   '@next/swc-darwin-arm64': [ '15.5.19' ],
13 silly audit   '@next/swc-darwin-x64': [ '15.5.19' ],
13 silly audit   '@next/swc-linux-arm64-gnu': [ '15.5.19' ],
13 silly audit   '@next/swc-linux-arm64-musl': [ '15.5.19' ],
13 silly audit   '@next/swc-linux-x64-gnu': [ '15.5.19' ],
13 silly audit   '@next/swc-linux-x64-musl': [ '15.5.19' ],
13 silly audit   '@next/swc-win32-arm64-msvc': [ '15.5.19' ],
13 silly audit   '@next/swc-win32-x64-msvc': [ '15.5.19' ],
13 silly audit   '@panva/hkdf': [ '1.2.1' ],
13 silly audit   '@prisma/client': [ '6.19.3' ],
13 silly audit   '@prisma/config': [ '6.19.3' ],
13 silly audit   '@prisma/debug': [ '6.19.3' ],
13 silly audit   '@prisma/engines': [ '6.19.3' ],
13 silly audit   '@prisma/engines-version': [ '7.1.1-3.c2990dca591cba766e3b7ef5d9e8a84796e47ab7' ],
13 silly audit   '@prisma/fetch-engine': [ '6.19.3' ],
13 silly audit   '@prisma/get-platform': [ '6.19.3' ],
13 silly audit   '@standard-schema/spec': [ '1.1.0' ],
13 silly audit   '@swc/helpers': [ '0.5.15' ],
13 silly audit   '@t3-oss/env-core': [ '0.12.0' ],
13 silly audit   '@t3-oss/env-nextjs': [ '0.12.0' ],
13 silly audit   '@tanstack/query-core': [ '5.101.1' ],
13 silly audit   '@tanstack/react-query': [ '5.101.1' ],
13 silly audit   '@trpc/client': [ '11.18.0' ],
13 silly audit   '@trpc/react-query': [ '11.18.0' ],
13 silly audit   '@trpc/server': [ '11.18.0' ],
13 silly audit   bcryptjs: [ '3.0.3' ],
13 silly audit   c12: [ '3.1.0' ],
13 silly audit   'caniuse-lite': [ '1.0.30001799' ],
13 silly audit   chokidar: [ '4.0.3' ],
13 silly audit   citty: [ '0.1.6', '0.2.2' ],
13 silly audit   'client-only': [ '0.0.1' ],
13 silly audit   clsx: [ '2.1.1' ],
13 silly audit   confbox: [ '0.2.4' ],
13 silly audit   consola: [ '3.4.2' ],
13 silly audit   'copy-anything': [ '4.0.5' ],
13 silly audit   'date-fns': [ '4.4.0' ],
13 silly audit   'deepmerge-ts': [ '7.1.5' ],
13 silly audit   defu: [ '6.1.7' ],
13 silly audit   destr: [ '2.0.5' ],
13 silly audit   'detect-libc': [ '2.1.2' ],
13 silly audit   dotenv: [ '16.6.1' ],
13 silly audit   effect: [ '3.21.0' ],
13 silly audit   empathic: [ '2.0.0' ],
13 silly audit   semver: [ '7.8.5' ],
13 silly audit   exsolve: [ '1.1.0' ],
13 silly audit   'fast-check': [ '3.23.2' ],
13 silly audit   giget: [ '2.0.0' ],
13 silly audit   'is-what': [ '5.5.0' ],
13 silly audit   jiti: [ '2.7.0' ],
13 silly audit   jose: [ '6.2.3' ],
13 silly audit   'lucide-react': [ '1.21.0' ],
13 silly audit   nanoid: [ '3.3.15' ],
13 silly audit   next: [ '15.5.19' ],
13 silly audit   'next-auth': [ '5.0.0-beta.31' ],
13 silly audit   'node-fetch-native': [ '1.6.7' ],
13 silly audit   nypm: [ '0.6.7' ],
13 silly audit   oauth4webapi: [ '3.8.6' ],
13 silly audit   ohash: [ '2.0.11' ],
13 silly audit   pathe: [ '2.0.3' ],
13 silly audit   'perfect-debounce': [ '1.0.0' ],
13 silly audit   picocolors: [ '1.1.1' ],
13 silly audit   'pkg-types': [ '2.3.1' ],
13 silly audit   postcss: [ '8.5.15' ],
13 silly audit   preact: [ '10.24.3' ],
13 silly audit   'preact-render-to-string': [ '6.5.11' ],
13 silly audit   prisma: [ '6.19.3' ],
13 silly audit   'pure-rand': [ '6.1.0' ],
13 silly audit   rc9: [ '2.1.2' ],
13 silly audit   react: [ '19.2.7' ],
13 silly audit   'react-dom': [ '19.2.7' ],
13 silly audit   readdirp: [ '4.1.2' ],
13 silly audit   scheduler: [ '0.27.0' ],
13 silly audit   'server-only': [ '0.0.1' ],
13 silly audit   sharp: [ '0.34.5' ],
13 silly audit   'source-map-js': [ '1.2.1' ],
13 silly audit   'styled-jsx': [ '5.1.6' ],
13 silly audit   superjson: [ '2.2.6' ],
13 silly audit   'tailwind-merge': [ '3.6.0' ],
13 silly audit   tinyexec: [ '1.2.4' ],
13 silly audit   tslib: [ '2.8.1' ],
13 silly audit   typescript: [ '5.9.3' ],
13 silly audit   zod: [ '3.25.76' ]
13 silly audit }
14 http fetch GET 200 https://registry.npmjs.org/npm 3573ms
15 http fetch POST 200 https://registry.npmjs.org/-/npm/v1/security/advisories/bulk 870ms
16 silly audit report {}
17 verbose cwd C:\serene-bali-villas
18 verbose os Windows_NT 10.0.26100
19 verbose node v24.12.0
20 verbose npm  v11.7.0
21 notice
21 notice New minor version of npm available! 11.7.0 -> 11.18.0
21 notice Changelog: https://github.com/npm/cli/releases/tag/v11.18.0
21 notice To update run: npm install -g npm@11.18.0
21 notice  { force: true, Symbol(proc-log.meta): true }
22 verbose exit 0
23 info ok
